<?xml version="1.0" encoding="UTF-8"?>
<!-- Generated by org.testng.reporters.JUnitXMLReporter -->
<testsuite ignored="0" hostname="LUNARA" failures="0" tests="2" name="Default test" time="2.765" errors="0" timestamp="2026-06-16T16:24:16 IST">
  <testcase classname="$18_BackendApiTestCaseAutomation.$01_VerifyTheProjectWithCreateTest" name="addSingleProjectWithCreatedTest" time="2.65"/>
  <testcase classname="$18_BackendApiTestCaseAutomation.$01_VerifyTheProjectWithCreateTest" name="createDuplicateProjectTest" time="0.082"/>
</testsuite> <!-- Default test -->
