<?xml version="1.0" encoding="UTF-8"?>
<!-- Generated by org.testng.reporters.JUnitXMLReporter -->
<testsuite ignored="0" hostname="LUNARA" failures="0" tests="10" name="Default test" time="33.092" errors="0" timestamp="2026-06-13T10:42:19 IST">
  <testcase classname="$15_DataDrivenTesting.$02_DataDriverTestUsingExcelFile" name="DDTTestUsingExcel" time="6.291"/>
  <testcase classname="$15_DataDrivenTesting.$02_DataDriverTestUsingExcelFile" name="DDTTestUsingExcel" time="5.78"/>
  <testcase classname="$15_DataDrivenTesting.$02_DataDriverTestUsingExcelFile" name="DDTTestUsingExcel" time="5.794"/>
  <testcase classname="$15_DataDrivenTesting.$02_DataDriverTestUsingExcelFile" name="DDTTestUsingExcel" time="4.959"/>
  <testcase classname="$15_DataDrivenTesting.$02_DataDriverTestUsingExcelFile" name="DDTTestUsingExcel" time="2.758"/>
  <testcase classname="$15_DataDrivenTesting.$02_DataDriverTestUsingExcelFile" name="DDTTestUsingExcel" time="1.331"/>
  <testcase classname="$15_DataDrivenTesting.$02_DataDriverTestUsingExcelFile" name="DDTTestUsingExcel" time="1.258"/>
  <testcase classname="$15_DataDrivenTesting.$02_DataDriverTestUsingExcelFile" name="DDTTestUsingExcel" time="1.296"/>
  <testcase classname="$15_DataDrivenTesting.$02_DataDriverTestUsingExcelFile" name="DDTTestUsingExcel" time="1.465"/>
  <testcase classname="$15_DataDrivenTesting.$02_DataDriverTestUsingExcelFile" name="DDTTestUsingExcel" time="1.355"/>
</testsuite> <!-- Default test -->
