<?xml version="1.0" encoding="UTF-8"?>
<!-- Generated by org.testng.reporters.JUnitReportReporter -->
<testsuite hostname="LUNARA" failures="0" tests="2" name="$14_EncryptionAndDecryption.$02_ApiTestAndDecodeFromHeader" time="1.305" errors="0" timestamp="2026-06-12T10:36:15 IST" skipped="0">
  <testcase classname="$14_EncryptionAndDecryption.$02_ApiTestAndDecodeFromHeader" name="testEncodeToDecode" time="0.002"/>
  <testcase classname="$14_EncryptionAndDecryption.$02_ApiTestAndDecodeFromHeader" name="test" time="1.303"/>
</testsuite> <!-- $14_EncryptionAndDecryption.$02_ApiTestAndDecodeFromHeader -->
