<?xml version="1.0" encoding="UTF-8"?>
<!-- Generated by org.testng.reporters.JUnitReportReporter -->
<testsuite hostname="LUNARA" failures="0" tests="2" name="$18_BackendApiTestCaseAutomation.$01_VerifyTheProjectWithCreateTest" time="2.732" errors="0" timestamp="2026-06-16T16:24:16 IST" skipped="0">
  <testcase classname="$18_BackendApiTestCaseAutomation.$01_VerifyTheProjectWithCreateTest" name="createDuplicateProjectTest" time="0.082"/>
  <testcase classname="$18_BackendApiTestCaseAutomation.$01_VerifyTheProjectWithCreateTest" name="addSingleProjectWithCreatedTest" time="2.650"/>
</testsuite> <!-- $18_BackendApiTestCaseAutomation.$01_VerifyTheProjectWithCreateTest -->
