<?xml version="1.0" encoding="UTF-8"?>
<!-- Generated by org.testng.reporters.JUnitReportReporter -->
<testsuite hostname="LUNARA" failures="0" tests="2" name="$15_DataDrivenTesting.$01_DataDrivenTest" time="3.629" errors="0" timestamp="2026-06-12T22:26:25 IST" skipped="0">
  <testcase classname="$15_DataDrivenTesting.$01_DataDrivenTest" name="DDTest" time="1.135"/>
  <testcase classname="$15_DataDrivenTesting.$01_DataDrivenTest" name="DDTest" time="2.494"/>
</testsuite> <!-- $15_DataDrivenTesting.$01_DataDrivenTest -->
