<?xml version="1.0" encoding="UTF-8"?>
<!-- Generated by org.testng.reporters.JUnitReportReporter -->
<testsuite hostname="LUNARA" failures="0" tests="1" name="$09_AssertionOrResponseValidation.$05_ResponseBodyFeatchingDataUsingDependency" time="1.274" errors="0" timestamp="2026-06-10T10:07:38 IST" skipped="0">
  <testcase classname="$09_AssertionOrResponseValidation.$05_ResponseBodyFeatchingDataUsingDependency" name="responseBodyValidatiton" time="1.274"/>
</testsuite> <!-- $09_AssertionOrResponseValidation.$05_ResponseBodyFeatchingDataUsingDependency -->
