<?xml version="1.0" encoding="UTF-8"?>
<!-- Generated by org.testng.reporters.JUnitReportReporter -->
<testsuite hostname="LUNARA" failures="0" tests="1" name="$09_AssertionOrResponseValidation.$04_ResponseBodyFeatchingData" time="1.562" errors="0" timestamp="2026-06-09T15:58:45 IST" skipped="0">
  <testcase classname="$09_AssertionOrResponseValidation.$04_ResponseBodyFeatchingData" name="responseBodyValidatiton" time="1.562"/>
</testsuite> <!-- $09_AssertionOrResponseValidation.$04_ResponseBodyFeatchingData -->
