<?xml version="1.0" encoding="UTF-8"?>
<!-- Generated by org.testng.reporters.JUnitReportReporter -->
<testsuite hostname="LUNARA" failures="0" tests="1" name="$14_EncryptionAndDecryption.$05_ActualRequestAndRequestInEncryptionAndDecryption" time="1.323" errors="0" timestamp="2026-06-12T15:30:54 IST" skipped="0">
  <testcase classname="$14_EncryptionAndDecryption.$05_ActualRequestAndRequestInEncryptionAndDecryption" name="test" time="1.323"/>
</testsuite> <!-- $14_EncryptionAndDecryption.$05_ActualRequestAndRequestInEncryptionAndDecryption -->
