<?xml version="1.0" encoding="UTF-8"?>
<!-- Generated by org.testng.reporters.JUnitReportReporter -->
<testsuite hostname="LUNARA" failures="0" tests="1" name="$09_AssertionOrResponseValidation.$06_ResponseBodyFeatchingDataUsingDependency2" time="1.551" errors="0" timestamp="2026-06-10T10:28:13 IST" skipped="0">
  <testcase classname="$09_AssertionOrResponseValidation.$06_ResponseBodyFeatchingDataUsingDependency2" name="responseBodyValidatiton" time="1.551"/>
</testsuite> <!-- $09_AssertionOrResponseValidation.$06_ResponseBodyFeatchingDataUsingDependency2 -->
