<?xml version="1.0" encoding="UTF-8"?>
<!-- Generated by org.testng.reporters.JUnitReportReporter -->
<testsuite hostname="LUNARA" failures="0" tests="1" name="$09_AssertionOrResponseValidation.$02_ResponseTimeValidation" time="1.225" errors="0" timestamp="2026-06-09T13:19:41 IST" skipped="0">
  <testcase classname="$09_AssertionOrResponseValidation.$02_ResponseTimeValidation" name="timeValidation" time="1.225"/>
</testsuite> <!-- $09_AssertionOrResponseValidation.$02_ResponseTimeValidation -->
