<?xml version="1.0" encoding="UTF-8"?>
<!-- Generated by org.testng.reporters.JUnitReportReporter -->
<testsuite hostname="LUNARA" failures="0" tests="1" name="$09_AssertionOrResponseValidation.$01_ResponseHeaderValidation" time="2.903" errors="0" timestamp="2026-06-09T13:16:19 IST" skipped="0">
  <testcase classname="$09_AssertionOrResponseValidation.$01_ResponseHeaderValidation" name="headerValidation" time="2.903"/>
</testsuite> <!-- $09_AssertionOrResponseValidation.$01_ResponseHeaderValidation -->
