<?xml version="1.0" encoding="UTF-8"?>
<!-- Generated by org.testng.reporters.JUnitReportReporter -->
<testsuite hostname="LUNARA" failures="0" tests="10" name="$15_DataDrivenTesting.$02_DataDriverTestUsingExcelFile" time="32.287" errors="0" timestamp="2026-06-13T10:42:19 IST" skipped="0">
  <testcase classname="$15_DataDrivenTesting.$02_DataDriverTestUsingExcelFile" name="DDTTestUsingExcel" time="1.331"/>
  <testcase classname="$15_DataDrivenTesting.$02_DataDriverTestUsingExcelFile" name="DDTTestUsingExcel" time="2.758"/>
  <testcase classname="$15_DataDrivenTesting.$02_DataDriverTestUsingExcelFile" name="DDTTestUsingExcel" time="1.465"/>
  <testcase classname="$15_DataDrivenTesting.$02_DataDriverTestUsingExcelFile" name="DDTTestUsingExcel" time="1.296"/>
  <testcase classname="$15_DataDrivenTesting.$02_DataDriverTestUsingExcelFile" name="DDTTestUsingExcel" time="4.959"/>
  <testcase classname="$15_DataDrivenTesting.$02_DataDriverTestUsingExcelFile" name="DDTTestUsingExcel" time="6.291"/>
  <testcase classname="$15_DataDrivenTesting.$02_DataDriverTestUsingExcelFile" name="DDTTestUsingExcel" time="1.355"/>
  <testcase classname="$15_DataDrivenTesting.$02_DataDriverTestUsingExcelFile" name="DDTTestUsingExcel" time="5.780"/>
  <testcase classname="$15_DataDrivenTesting.$02_DataDriverTestUsingExcelFile" name="DDTTestUsingExcel" time="5.794"/>
  <testcase classname="$15_DataDrivenTesting.$02_DataDriverTestUsingExcelFile" name="DDTTestUsingExcel" time="1.258"/>
</testsuite> <!-- $15_DataDrivenTesting.$02_DataDriverTestUsingExcelFile -->
