<?xml version="1.0" encoding="UTF-8"?>
<!-- Generated by org.testng.reporters.JUnitReportReporter -->
<testsuite hostname="LUNARA" failures="0" tests="1" name="$09_AssertionOrResponseValidation.$03_ResponseBodyValidation" time="1.808" errors="0" timestamp="2026-06-09T15:29:08 IST" skipped="0">
  <testcase classname="$09_AssertionOrResponseValidation.$03_ResponseBodyValidation" name="responseBodyValidatiton" time="1.808"/>
</testsuite> <!-- $09_AssertionOrResponseValidation.$03_ResponseBodyValidation -->
